app/build/outputs/logs/manifest-merger-debug-report.txt
-- Merging decision tree log ---
manifest
ADDED from src/main/AndroidManifest.xml:1:1-38:12
	package
		ADDED from src/main/AndroidManifest.xml:2:5-38
		INJECTED from src/main/AndroidManifest.xml
		INJECTED from src/main/AndroidManifest.xml
	android:versionName
		ADDED from src/main/AndroidManifest.xml:4:5-30
		INJECTED from src/main/AndroidManifest.xml
		INJECTED from src/main/AndroidManifest.xml
	android:versionCode
		ADDED from src/main/AndroidManifest.xml:3:5-28
		INJECTED from src/main/AndroidManifest.xml
		INJECTED from src/main/AndroidManifest.xml
	xmlns:android
		ADDED from src/main/AndroidManifest.xml:1:11-69
uses-sdk
ADDED from src/main/AndroidManifest.xml:6:5-74
	android:targetSdkVersion
		ADDED from src/main/AndroidManifest.xml:6:42-71
		INJECTED from src/main/AndroidManifest.xml
		INJECTED from src/main/AndroidManifest.xml
	android:minSdkVersion
		ADDED from src/main/AndroidManifest.xml:6:15-41
		INJECTED from src/main/AndroidManifest.xml
		INJECTED from src/main/AndroidManifest.xml
uses-permission#android.permission.READ_PHONE_STATE
ADDED from src/main/AndroidManifest.xml:8:2-72
	android:name
		ADDED from src/main/AndroidManifest.xml:8:19-69
uses-permission#android.permission.MODIFY_PHONE_STATE
ADDED from src/main/AndroidManifest.xml:9:2-74
	android:name
		ADDED from src/main/AndroidManifest.xml:9:19-71
uses-permission#android.permission.RECEIVE_BOOT_COMPLETED
ADDED from src/main/AndroidManifest.xml:10:2-78
	android:name
		ADDED from src/main/AndroidManifest.xml:10:19-75
application
ADDED from src/main/AndroidManifest.xml:12:5-36:19
	android:label
		ADDED from src/main/AndroidManifest.xml:12:18-50
	android:icon
		ADDED from src/main/AndroidManifest.xml:13:9-45
activity#com.groglogs.autoanswer.AutoAnswerPreferenceActivity
ADDED from src/main/AndroidManifest.xml:15:3-21:20
	android:label
		ADDED from src/main/AndroidManifest.xml:16:21-53
	android:name
		ADDED from src/main/AndroidManifest.xml:15:13-57
intent-filter#android.intent.action.MAIN+android.intent.category.LAUNCHER
ADDED from src/main/AndroidManifest.xml:17:15-20:31
action#android.intent.action.MAIN
ADDED from src/main/AndroidManifest.xml:18:19-71
	android:name
		ADDED from src/main/AndroidManifest.xml:18:27-68
category#android.intent.category.LAUNCHER
ADDED from src/main/AndroidManifest.xml:19:19-79
	android:name
		ADDED from src/main/AndroidManifest.xml:19:29-76
receiver#com.groglogs.autoanswer.AutoAnswerReceiver
ADDED from src/main/AndroidManifest.xml:23:9-27:20
	android:enabled
		ADDED from src/main/AndroidManifest.xml:23:54-76
	android:name
		ADDED from src/main/AndroidManifest.xml:23:19-53
intent-filter#android.intent.action.PHONE_STATE
ADDED from src/main/AndroidManifest.xml:24:10-26:26
action#android.intent.action.PHONE_STATE
ADDED from src/main/AndroidManifest.xml:25:11-70
	android:name
		ADDED from src/main/AndroidManifest.xml:25:19-67
receiver#com.groglogs.autoanswer.AutoAnswerBootReceiver
ADDED from src/main/AndroidManifest.xml:28:9-32:20
	android:enabled
		ADDED from src/main/AndroidManifest.xml:28:58-80
	android:name
		ADDED from src/main/AndroidManifest.xml:28:19-57
intent-filter#android.intent.action.BOOT_COMPLETED
ADDED from src/main/AndroidManifest.xml:29:10-31:26
action#android.intent.action.BOOT_COMPLETED
ADDED from src/main/AndroidManifest.xml:30:11-73
	android:name
		ADDED from src/main/AndroidManifest.xml:30:19-70
service#com.groglogs.autoanswer.AutoAnswerIntentService
ADDED from src/main/AndroidManifest.xml:34:9-59
	android:name
		ADDED from src/main/AndroidManifest.xml:34:18-56